To honour the JVM settings for this build a single-use Daemon process will be forked. For more on this, please refer to https://docs.gradle.org/9.5.1/userguide/gradle_daemon.html#sec:disabling_the_daemon in the Gradle documentation.
Daemon will be stopped at the end of the build 

> Configure project :
Fabric Loom: 1.17.16

> Task :compileJava UP-TO-DATE
> Task :processResources UP-TO-DATE
> Task :classes UP-TO-DATE
> Task :generateLog4jConfig UP-TO-DATE
> Task :generateRemapClasspath UP-TO-DATE
> Task :generateDLIConfig UP-TO-DATE
> Task :configureLaunch UP-TO-DATE
> Task :downloadAssets UP-TO-DATE
> Task :configureClientLaunch UP-TO-DATE

> Task :runClient
[15:25:11] [main/INFO] (FabricLoader/GameProvider) Loading Minecraft 1.21.8 with Fabric Loader 0.19.3
[15:25:11] [ForkJoinPool-1-worker-1/WARN] (FabricLoader/Metadata) Mod wild uses the version v1 which isn't compatible with Loader's extended semantic version format (Could not parse version number component 'v1'!), SemVer is recommended for reliably evaluating dependencies and prioritizing newer version
[15:25:11] [main/INFO] (FabricLoader) Loading 58 mods:
	- baritone-meteor 1.21.8-SNAPSHOT
	- dev_babbaj_nether-pathfinder 1.4.1
	- fabric-api 0.136.1+1.21.8
	- fabric-api-base 0.5.0+cd8c0daa2c
	- fabric-api-lookup-api-v1 1.6.101+946bf4c32c
	- fabric-biome-api-v1 16.1.0+c21d71cc2c
	- fabric-block-api-v1 1.1.3+946bf4c32c
	- fabric-block-view-api-v2 1.0.31+946bf4c32c
	- fabric-client-gametest-api-v1 4.2.5+8a98c3fc2c
	- fabric-command-api-v2 2.3.1+52fff9ec2c
	- fabric-content-registries-v0 10.1.0+c75de69d2c
	- fabric-convention-tags-v1 2.1.41+7f945d5b2c
	- fabric-convention-tags-v2 2.15.6+eb5df52f2c
	- fabric-crash-report-info-v1 0.3.15+946bf4c32c
	- fabric-data-attachment-api-v1 1.8.14+97214db32c
	- fabric-data-generation-api-v1 23.2.8+2e1c6d322c
	- fabric-dimensions-v1 4.0.20+948fc79a2c
	- fabric-entity-events-v1 2.1.2+c9e472732c
	- fabric-events-interaction-v0 4.0.26+946bf4c32c
	- fabric-game-rule-api-v1 1.0.73+c64c9c5b2c
	- fabric-gametest-api-v1 3.1.10+39ce47f52c
	- fabric-item-api-v1 11.5.0+02ce13f42c
	- fabric-item-group-api-v1 4.2.14+c5f9bbc12c
	- fabric-key-binding-api-v1 1.0.65+946bf4c32c
	- fabric-lifecycle-events-v1 2.6.4+db4dfd852c
	- fabric-loot-api-v2 3.0.56+3f89f5a52c
	- fabric-loot-api-v3 2.0.3+946bf4c32c
	- fabric-message-api-v1 6.1.2+946bf4c32c
	- fabric-model-loading-api-v1 5.2.8+946bf4c32c
	- fabric-networking-api-v1 5.1.0+57cb96dd2c
	- fabric-object-builder-api-v1 21.1.10+946bf4c32c
	- fabric-particles-v1 4.1.10+946bf4c32c
	- fabric-recipe-api-v1 8.1.17+946bf4c32c
	- fabric-registry-sync-v0 6.1.30+946bf4c32c
	- fabric-renderer-api-v1 7.0.5+208eed172c
	- fabric-renderer-indigo 4.0.5+946bf4c32c
	- fabric-rendering-fluids-v1 3.1.31+fa6cb72b2c
	- fabric-rendering-v1 12.6.0+486b7ff72c
	- fabric-resource-conditions-api-v1 5.0.25+98e6d6db2c
	- fabric-resource-loader-v0 3.1.12+020423442c
	- fabric-screen-api-v1 2.2.0+e0cb65d02c
	- fabric-screen-handler-api-v1 1.3.139+946bf4c32c
	- fabric-serialization-api-v1 1.0.0+fc0e5aba2c
	- fabric-sound-api-v1 1.0.42+946bf4c32c
	- fabric-tag-api-v1 1.2.2+946bf4c32c
	- fabric-transfer-api-v1 6.0.6+946bf4c32c
	- fabric-transitive-access-wideners-v1 6.5.0+c847ce762c
	- fabricloader 0.19.3
	- io_netty_netty-codec-socks 4.1.101
	- io_netty_netty-handler-proxy 4.1.101
	- java 21
	- minecraft 1.21.8
	- mixinextras 0.5.4
	- org_java-websocket_java-websocket 1.5.6
	- org_javassist_javassist 3.29.2-GA
	- org_json_json 20230618
	- org_reflections_reflections 0.10.2
	- wild v1
[15:25:11] [main/INFO] (FabricLoader/Mixin) SpongePowered MIXIN Subsystem Version=0.8.7 Source=file:/C:/Users/grego/.gradle/caches/modules-2/files-2.1/net.fabricmc/sponge-mixin/0.17.3+mixin.0.8.7/41c4a3984a80f4679e759fb9f495587acc5cdac7/sponge-mixin-0.17.3+mixin.0.8.7.jar Service=Knot/Fabric Env=CLIENT
[15:25:12] [main/INFO] (FabricLoader/Mixin) Loaded Fabric development mappings for mixin remapper!
[15:25:12] [main/INFO] (FabricLoader/Mixin) Compatibility level set to JAVA_21
[15:25:13] [main/INFO] (FabricLoader/MixinExtras|Service) Initializing MixinExtras via com.llamalad7.mixinextras.service.MixinExtrasServiceImpl(version=0.5.4).
[15:25:14] [Datafixer Bootstrap/INFO] (Minecraft) 269 Datafixer optimizations took 347 milliseconds
[15:25:18] [main/WARN] (FabricLoader/Mixin) Error loading class: net/minecraft/client/player/LocalPlayer (java.lang.ClassNotFoundException: net/minecraft/client/player/LocalPlayer)
[15:25:18] [Render thread/INFO] (Minecraft) Environment: Environment[sessionHost=https://sessionserver.mojang.com, servicesHost=https://api.minecraftservices.com, name=PROD]
[15:25:18] [Render thread/INFO] (Minecraft) Setting user: Player763
[15:25:18] [Render thread/INFO] (Indigo) [Indigo] Registering Indigo renderer!
[15:25:18] [Render thread/INFO] (Minecraft) [STDOUT]: [nether-pathfinder] Created temp file at C:\Users\grego\AppData\Local\Temp\nether_pathfinder-x86_645367953532994031233.dll
[15:25:18] [Render thread/INFO] (Minecraft) [STDERR]: [nether-pathfinder] Failed to delete temp file
[15:25:18] [Render thread/INFO] (Minecraft) [STDOUT]: [nether-pathfinder] Loaded shared library
[15:25:19] [Render thread/INFO] (Minecraft) Backend library: LWJGL version 3.3.3-snapshot
[15:25:20] [Render thread/INFO] (Minecraft) Using optional rendering extensions: GL_ARB_buffer_storage, GL_KHR_debug, GL_ARB_vertex_attrib_binding, GL_ARB_direct_state_access
[15:25:20] [Render thread/INFO] (O0000O00OO0OO) [ScreenRender] screen=MessageScreen kind=vanilla from=<none> gpu=vendor=NVIDIA Corporation renderer=NVIDIA GeForce RTX 5090 Laptop GPU/PCIe/SSE2 version=3.2.0 NVIDIA 610.62
[15:25:20] [Render thread/INFO] (Minecraft) Reloading ResourceManager: vanilla, fabric, fabric-api, fabric-api-base, fabric-api-lookup-api-v1, fabric-biome-api-v1, fabric-block-api-v1, fabric-block-view-api-v2, fabric-client-gametest-api-v1, fabric-command-api-v2, fabric-content-registries-v0, fabric-convention-tags-v1, fabric-convention-tags-v2, fabric-crash-report-info-v1, fabric-data-attachment-api-v1, fabric-data-generation-api-v1, fabric-dimensions-v1, fabric-entity-events-v1, fabric-events-interaction-v0, fabric-game-rule-api-v1, fabric-gametest-api-v1, fabric-item-api-v1, fabric-item-group-api-v1, fabric-key-binding-api-v1, fabric-lifecycle-events-v1, fabric-loot-api-v2, fabric-loot-api-v3, fabric-message-api-v1, fabric-model-loading-api-v1, fabric-networking-api-v1, fabric-object-builder-api-v1, fabric-particles-v1, fabric-recipe-api-v1, fabric-registry-sync-v0, fabric-renderer-api-v1, fabric-renderer-indigo, fabric-rendering-fluids-v1, fabric-rendering-v1, fabric-resource-conditions-api-v1, fabric-resource-loader-v0, fabric-screen-api-v1, fabric-screen-handler-api-v1, fabric-serialization-api-v1, fabric-sound-api-v1, fabric-tag-api-v1, fabric-transfer-api-v1, fabric-transitive-access-wideners-v1, fabricloader, wild
[15:25:20] [Worker-Main-9/INFO] (Minecraft) Found unifont_all_no_pua-16.0.03.hex, loading
[15:25:20] [Worker-Main-10/INFO] (Minecraft) Found unifont_pua-16.0.03.hex, loading
[15:25:20] [Worker-Main-13/INFO] (Minecraft) Found unifont_jp_patch-16.0.03.hex, loading
[15:25:20] [Render thread/INFO] (Minecraft) [CHAT] [Baritone] Baritone settings file not found, resetting.
[15:25:22] [Render thread/INFO] (Minecraft) OpenAL initialized on device OpenAL Soft on Headphones (Realtek(R) Audio)
[15:25:22] [Render thread/INFO] (Minecraft) Sound engine started
[15:25:22] [Render thread/INFO] (Minecraft) Created: 1024x512x4 minecraft:textures/atlas/blocks.png-atlas
[15:25:22] [Render thread/INFO] (Minecraft) Created: 256x256x4 minecraft:textures/atlas/signs.png-atlas
[15:25:22] [Render thread/INFO] (Minecraft) Created: 512x512x4 minecraft:textures/atlas/banner_patterns.png-atlas
[15:25:22] [Render thread/INFO] (Minecraft) Created: 512x512x4 minecraft:textures/atlas/shield_patterns.png-atlas
[15:25:22] [Render thread/INFO] (Minecraft) Created: 2048x1024x4 minecraft:textures/atlas/armor_trims.png-atlas
[15:25:22] [Render thread/INFO] (Minecraft) Created: 256x256x4 minecraft:textures/atlas/chest.png-atlas
[15:25:22] [Render thread/INFO] (Minecraft) Created: 128x64x4 minecraft:textures/atlas/decorated_pot.png-atlas
[15:25:22] [Render thread/INFO] (Minecraft) Created: 512x256x4 minecraft:textures/atlas/beds.png-atlas
[15:25:22] [Render thread/INFO] (Minecraft) Created: 512x256x4 minecraft:textures/atlas/shulker_boxes.png-atlas
[15:25:22] [Render thread/INFO] (Minecraft) Created: 64x64x0 minecraft:textures/atlas/map_decorations.png-atlas
[15:25:22] [Render thread/INFO] (Minecraft) Created: 512x256x0 minecraft:textures/atlas/particles.png-atlas
[15:25:22] [Render thread/INFO] (Minecraft) Created: 512x256x0 minecraft:textures/atlas/paintings.png-atlas
[15:25:22] [Render thread/INFO] (Minecraft) Created: 1024x512x0 minecraft:textures/atlas/gui.png-atlas
[15:25:22] [Render thread/INFO] (O0000O00OO0OO) [ScreenRender] screen=MainMenuScreen kind=raw-overlay from=MessageScreen gpu=vendor=NVIDIA Corporation renderer=NVIDIA GeForce RTX 5090 Laptop GPU/PCIe/SSE2 version=3.2.0 NVIDIA 610.62
[15:25:23] [Render thread/INFO] (O0000O00OO0OO) [ScreenRender] phase=renderWithTooltip.tail screen=MainMenuScreen kind=raw-overlay frame=1 gl=drawFbo=0 readFbo=0 program=0 viewport=0x0+854x480 fbStatus=0x8cd5 colorMask=true blend=false depth=false scissor=false
[15:25:25] [Render thread/INFO] (O0000O00OO0OO) [ScreenRender] phase=renderWithTooltip.tail screen=MainMenuScreen kind=raw-overlay frame=240 gl=drawFbo=0 readFbo=0 program=0 viewport=0x0+854x480 fbStatus=0x8cd5 colorMask=true blend=false depth=false scissor=false
[15:25:27] [Render thread/INFO] (O0000O00OO0OO) [ScreenRender] phase=renderWithTooltip.tail screen=MainMenuScreen kind=raw-overlay frame=478 gl=drawFbo=0 readFbo=0 program=0 viewport=0x0+854x480 fbStatus=0x8cd5 colorMask=true blend=false depth=false scissor=false
[15:25:29] [Render thread/INFO] (O0000O00OO0OO) [ScreenRender] phase=renderWithTooltip.tail screen=MainMenuScreen kind=raw-overlay frame=715 gl=drawFbo=0 readFbo=0 program=0 viewport=0x0+854x480 fbStatus=0x8cd5 colorMask=true blend=false depth=false scissor=false
[15:25:31] [Render thread/INFO] (O0000O00OO0OO) [ScreenRender] phase=renderWithTooltip.tail screen=MainMenuScreen kind=raw-overlay frame=953 gl=drawFbo=0 readFbo=0 program=0 viewport=0x0+854x480 fbStatus=0x8cd5 colorMask=true blend=false depth=false scissor=false
[15:25:33] [Render thread/INFO] (O0000O00OO0OO) [ScreenRender] phase=renderWithTooltip.tail screen=MainMenuScreen kind=raw-overlay frame=1191 gl=drawFbo=0 readFbo=0 program=0 viewport=0x0+854x480 fbStatus=0x8cd5 colorMask=true blend=false depth=false scissor=false
[15:25:35] [Render thread/INFO] (O0000O00OO0OO) [ScreenRender] phase=renderWithTooltip.tail screen=MainMenuScreen kind=raw-overlay frame=1429 gl=drawFbo=0 readFbo=0 program=0 viewport=0x0+854x480 fbStatus=0x8cd5 colorMask=true blend=false depth=false scissor=false
[15:25:37] [Render thread/INFO] (O0000O00OO0OO) [ScreenRender] phase=renderWithTooltip.tail screen=MainMenuScreen kind=raw-overlay frame=1667 gl=drawFbo=0 readFbo=0 program=0 viewport=0x0+854x480 fbStatus=0x8cd5 colorMask=true blend=false depth=false scissor=false
[15:25:39] [Render thread/INFO] (O0000O00OO0OO) [ScreenRender] phase=renderWithTooltip.tail screen=MainMenuScreen kind=raw-overlay frame=1905 gl=drawFbo=0 readFbo=0 program=0 viewport=0x0+854x480 fbStatus=0x8cd5 colorMask=true blend=false depth=false scissor=false
[15:25:41] [Render thread/INFO] (O0000O00OO0OO) [ScreenRender] phase=renderWithTooltip.tail screen=MainMenuScreen kind=raw-overlay frame=2143 gl=drawFbo=0 readFbo=0 program=0 viewport=0x0+854x480 fbStatus=0x8cd5 colorMask=true blend=false depth=false scissor=false
[15:25:43] [Render thread/INFO] (O0000O00OO0OO) [ScreenRender] phase=renderWithTooltip.tail screen=MainMenuScreen kind=raw-overlay frame=2381 gl=drawFbo=0 readFbo=0 program=0 viewport=0x0+854x480 fbStatus=0x8cd5 colorMask=true blend=false depth=false scissor=false
[15:25:45] [Render thread/INFO] (O0000O00OO0OO) [ScreenRender] phase=renderWithTooltip.tail screen=MainMenuScreen kind=raw-overlay frame=2619 gl=drawFbo=0 readFbo=0 program=0 viewport=0x0+854x480 fbStatus=0x8cd5 colorMask=true blend=false depth=false scissor=false
[15:25:47] [Render thread/INFO] (O0000O00OO0OO) [ScreenRender] phase=renderWithTooltip.tail screen=MainMenuScreen kind=raw-overlay frame=2857 gl=drawFbo=0 readFbo=0 program=0 viewport=0x0+854x480 fbStatus=0x8cd5 colorMask=true blend=false depth=false scissor=false
[15:25:49] [Render thread/INFO] (O0000O00OO0OO) [ScreenRender] phase=renderWithTooltip.tail screen=MainMenuScreen kind=raw-overlay frame=3095 gl=drawFbo=0 readFbo=0 program=0 viewport=0x0+854x480 fbStatus=0x8cd5 colorMask=true blend=false depth=false scissor=false
[15:25:51] [Render thread/INFO] (O0000O00OO0OO) [ScreenRender] phase=renderWithTooltip.tail screen=MainMenuScreen kind=raw-overlay frame=3333 gl=drawFbo=0 readFbo=0 program=0 viewport=0x0+854x480 fbStatus=0x8cd5 colorMask=true blend=false depth=false scissor=false
[15:25:53] [Render thread/INFO] (O0000O00OO0OO) [ScreenRender] phase=renderWithTooltip.tail screen=MainMenuScreen kind=raw-overlay frame=3571 gl=drawFbo=0 readFbo=0 program=0 viewport=0x0+854x480 fbStatus=0x8cd5 colorMask=true blend=false depth=false scissor=false
[15:25:55] [Render thread/INFO] (O0000O00OO0OO) [ScreenRender] phase=renderWithTooltip.tail screen=MainMenuScreen kind=raw-overlay frame=3810 gl=drawFbo=0 readFbo=0 program=0 viewport=0x0+854x480 fbStatus=0x8cd5 colorMask=true blend=false depth=false scissor=false
[15:25:57] [Render thread/INFO] (O0000O00OO0OO) [ScreenRender] phase=renderWithTooltip.tail screen=MainMenuScreen kind=raw-overlay frame=4047 gl=drawFbo=0 readFbo=0 program=0 viewport=0x0+854x480 fbStatus=0x8cd5 colorMask=true blend=false depth=false scissor=false
[15:25:59] [Render thread/INFO] (O0000O00OO0OO) [ScreenRender] phase=renderWithTooltip.tail screen=MainMenuScreen kind=raw-overlay frame=4284 gl=drawFbo=0 readFbo=0 program=0 viewport=0x0+854x480 fbStatus=0x8cd5 colorMask=true blend=false depth=false scissor=false
[15:26:01] [Render thread/INFO] (O0000O00OO0OO) [ScreenRender] phase=renderWithTooltip.tail screen=MainMenuScreen kind=raw-overlay frame=4522 gl=drawFbo=0 readFbo=0 program=0 viewport=0x0+854x480 fbStatus=0x8cd5 colorMask=true blend=false depth=false scissor=false
[15:26:03] [Render thread/INFO] (O0000O00OO0OO) [ScreenRender] phase=renderWithTooltip.tail screen=MainMenuScreen kind=raw-overlay frame=4760 gl=drawFbo=0 readFbo=0 program=0 viewport=0x0+854x480 fbStatus=0x8cd5 colorMask=true blend=false depth=false scissor=false
[15:26:05] [Render thread/INFO] (O0000O00OO0OO) [ScreenRender] phase=renderWithTooltip.tail screen=MainMenuScreen kind=raw-overlay frame=4999 gl=drawFbo=0 readFbo=0 program=0 viewport=0x0+854x480 fbStatus=0x8cd5 colorMask=true blend=false depth=false scissor=false
[15:26:07] [Render thread/INFO] (O0000O00OO0OO) [ScreenRender] phase=renderWithTooltip.tail screen=MainMenuScreen kind=raw-overlay frame=5237 gl=drawFbo=0 readFbo=0 program=0 viewport=0x0+854x480 fbStatus=0x8cd5 colorMask=true blend=false depth=false scissor=false
[15:26:09] [Render thread/INFO] (O0000O00OO0OO) [ScreenRender] phase=renderWithTooltip.tail screen=MainMenuScreen kind=raw-overlay frame=5475 gl=drawFbo=0 readFbo=0 program=0 viewport=0x0+854x480 fbStatus=0x8cd5 colorMask=true blend=false depth=false scissor=false
[15:26:11] [Render thread/INFO] (O0000O00OO0OO) [ScreenRender] phase=renderWithTooltip.tail screen=MainMenuScreen kind=raw-overlay frame=5712 gl=drawFbo=0 readFbo=0 program=0 viewport=0x0+854x480 fbStatus=0x8cd5 colorMask=true blend=false depth=false scissor=false
[15:26:13] [Render thread/INFO] (O0000O00OO0OO) [ScreenRender] phase=renderWithTooltip.tail screen=MainMenuScreen kind=raw-overlay frame=5950 gl=drawFbo=0 readFbo=0 program=0 viewport=0x0+854x480 fbStatus=0x8cd5 colorMask=true blend=false depth=false scissor=false
[15:26:15] [Render thread/INFO] (O0000O00OO0OO) [ScreenRender] phase=renderWithTooltip.tail screen=MainMenuScreen kind=raw-overlay frame=6187 gl=drawFbo=0 readFbo=0 program=0 viewport=0x0+854x480 fbStatus=0x8cd5 colorMask=true blend=false depth=false scissor=false
[15:26:17] [Render thread/INFO] (O0000O00OO0OO) [ScreenRender] phase=renderWithTooltip.tail screen=MainMenuScreen kind=raw-overlay frame=6425 gl=drawFbo=0 readFbo=0 program=0 viewport=0x0+854x480 fbStatus=0x8cd5 colorMask=true blend=false depth=false scissor=false
